<?xml version="1.0" encoding="UTF-8"?>
<!-- Generated by org.testng.reporters.JUnitReportReporter -->
<testsuite skipped="0" hostname="Stevens-Mac-mini.local" name="tests.TestChallenge" tests="2" failures="0" timestamp="2021-09-26T00:06:39 BST" time="11.693" errors="0">
  <testcase name="ArraysChallenge" time="8.377" classname="tests.TestChallenge"/>
  <system-out/>
  <testcase name="DemoTest" time="3.316" classname="tests.TestChallenge"/>
  <system-out/>
</testsuite> <!-- tests.TestChallenge -->
