<?xml version="1.0" encoding="UTF-8"?>
<!-- Generated by org.testng.reporters.JUnitReportReporter -->
<testsuite hostname="Stevens-Mac-mini.local" failures="0" tests="2" name="tests.TestChallenge" time="10.776" errors="0" timestamp="2021-09-26T01:33:47 BST" skipped="0">
  <testcase classname="tests.TestChallenge" name="ArraysChallenge" time="8.408"/>
  <system-out/>
  <testcase classname="tests.TestChallenge" name="DemoTest" time="2.368"/>
  <system-out/>
</testsuite> <!-- tests.TestChallenge -->
